<?xml version="1.0" encoding="UTF-8"?>
<beans xmlns="http://www.springframework.org/schema/beans"
       xmlns:xsi="http://www.w3.org/2001/XMLSchema-instance"
       xmlns:mongo="http://www.springframework.org/schema/data/mongo"
       xsi:schemaLocation="http://www.springframework.org/schema/beans
        http://www.springframework.org/schema/beans/spring-beans.xsd
        http://www.springframework.org/schema/data/mongo
        http://www.springframework.org/schema/data/mongo/spring-mongo.xsd">


    <bean id="mongoTemplateCustomer" class="org.springframework.data.mongodb.core.MongoTemplate">
          <constructor-arg name="databaseName" value="customer"/>
          <constructor-arg name="mongo" ref="mongo"/>
      </bean>

      <mongo:repositories base-package="com.netaporter.eventinator.test.customer.repositories" mongo-template-ref="mongoTemplateCustomer"/>





</beans>